<?xml version="1.0" encoding="UTF-8"?>
<coverage generated="1652355610458" clover="3.2.0">
  <project timestamp="1652355610458" name="All files">
    <metrics statements="4396" coveredstatements="3779" conditionals="560" coveredconditionals="297" methods="1357" coveredmethods="1048" elements="6313" coveredelements="5124" complexity="0" loc="4396" ncloc="4396" packages="54" files="274" classes="274"/>
    <package name="src.core">
      <metrics statements="6" coveredstatements="6" conditionals="0" coveredconditionals="0" methods="6" coveredmethods="2"/>
      <file name="index.ts" path="/Users/shaharblank/Documents/Sela-Work/amplication/amplication/packages/amplication-server/src/core/index.ts">
        <metrics statements="6" coveredstatements="6" conditionals="0" coveredconditionals="0" methods="6" coveredmethods="2"/>
        <line num="1" count="13" type="stmt"/>
        <line num="2" count="12" type="stmt"/>
        <line num="3" count="12" type="stmt"/>
        <line num="4" count="12" type="stmt"/>
        <line num="5" count="12" type="stmt"/>
        <line num="6" count="44" type="stmt"/>
      </file>
    </package>
    <package name="src.core.account">
      <metrics statements="42" coveredstatements="40" conditionals="3" coveredconditionals="2" methods="20" coveredmethods="18"/>
      <file name="account.resolver.ts" path="/Users/shaharblank/Documents/Sela-Work/amplication/amplication/packages/amplication-server/src/core/account/account.resolver.ts">
        <metrics statements="20" coveredstatements="19" conditionals="0" coveredconditionals="0" methods="8" coveredmethods="7"/>
        <line num="1" count="1" type="stmt"/>
        <line num="2" count="1" type="stmt"/>
        <line num="3" count="1" type="stmt"/>
        <line num="4" count="1" type="stmt"/>
        <line num="5" count="1" type="stmt"/>
        <line num="6" count="1" type="stmt"/>
        <line num="7" count="1" type="stmt"/>
        <line num="8" count="1" type="stmt"/>
        <line num="10" count="2" type="stmt"/>
        <line num="13" count="1" type="stmt"/>
        <line num="14" count="2" type="stmt"/>
        <line num="16" count="4" type="stmt"/>
        <line num="17" count="1" type="stmt"/>
        <line num="18" count="1" type="stmt"/>
        <line num="21" count="4" type="stmt"/>
        <line num="22" count="1" type="stmt"/>
        <line num="26" count="1" type="stmt"/>
        <line num="32" count="4" type="stmt"/>
        <line num="33" count="1" type="stmt"/>
        <line num="34" count="0" type="stmt"/>
      </file>
      <file name="account.service.ts" path="/Users/shaharblank/Documents/Sela-Work/amplication/amplication/packages/amplication-server/src/core/account/account.service.ts">
        <metrics statements="10" coveredstatements="9" conditionals="0" coveredconditionals="0" methods="7" coveredmethods="6"/>
        <line num="1" count="14" type="stmt"/>
        <line num="2" count="14" type="stmt"/>
        <line num="7" count="14" type="stmt"/>
        <line num="8" count="6" type="stmt"/>
        <line num="11" count="1" type="stmt"/>
        <line num="15" count="1" type="stmt"/>
        <line num="19" count="1" type="stmt"/>
        <line num="23" count="1" type="stmt"/>
        <line num="38" count="0" type="stmt"/>
        <line num="50" count="1" type="stmt"/>
      </file>
      <file name="password.service.ts" path="/Users/shaharblank/Documents/Sela-Work/amplication/amplication/packages/amplication-server/src/core/account/password.service.ts">
        <metrics statements="12" coveredstatements="12" conditionals="3" coveredconditionals="2" methods="5" coveredmethods="5"/>
        <line num="1" count="13" type="stmt"/>
        <line num="2" count="13" type="stmt"/>
        <line num="3" count="13" type="stmt"/>
        <line num="6" count="13" type="stmt"/>
        <line num="8" count="3" type="stmt"/>
        <line num="12" count="3" type="cond" truecount="1" falsecount="0"/>
        <line num="13" count="1" type="stmt"/>
        <line num="16" count="2" type="cond" truecount="1" falsecount="1"/>
        <line num="21" count="6" type="stmt"/>
        <line num="24" count="1" type="stmt"/>
        <line num="28" count="1" type="stmt"/>
        <line num="33" count="1" type="stmt"/>
      </file>
    </package>
    <package name="src.core.account.dto">
      <metrics statements="4" coveredstatements="4" conditionals="0" coveredconditionals="0" methods="0" coveredmethods="0"/>
      <file name="update-account.input.ts" path="/Users/shaharblank/Documents/Sela-Work/amplication/amplication/packages/amplication-server/src/core/account/dto/update-account.input.ts">
        <metrics statements="4" coveredstatements="4" conditionals="0" coveredconditionals="0" methods="0" coveredmethods="0"/>
        <line num="1" count="1" type="stmt"/>
        <line num="4" count="1" type="stmt"/>
        <line num="6" count="1" type="stmt"/>
        <line num="8" count="1" type="stmt"/>
      </file>
    </package>
    <package name="src.core.action">
      <metrics statements="30" coveredstatements="29" conditionals="5" coveredconditionals="4" methods="8" coveredmethods="8"/>
      <file name="action.service.ts" path="/Users/shaharblank/Documents/Sela-Work/amplication/amplication/packages/amplication-server/src/core/action/action.service.ts">
        <metrics statements="30" coveredstatements="29" conditionals="5" coveredconditionals="4" methods="8" coveredmethods="8"/>
        <line num="1" count="14" type="stmt"/>
        <line num="2" count="14" type="stmt"/>
        <line num="3" count="14" type="stmt"/>
        <line num="5" count="14" type="stmt"/>
        <line num="7" count="14" type="stmt"/>
        <line num="8" count="14" type="stmt"/>
        <line num="14" count="14" type="stmt"/>
        <line num="15" count="14" type="stmt"/>
        <line num="17" count="14" type="stmt"/>
        <line num="20" count="14" type="stmt"/>
        <line num="22" count="9" type="stmt"/>
        <line num="23" count="9" type="stmt"/>
        <line num="27" count="1" type="stmt"/>
        <line num="36" count="1" type="stmt"/>
        <line num="64" count="3" type="cond" truecount="0" falsecount="1"/>
        <line num="65" count="0" type="stmt"/>
        <line num="68" count="3" type="stmt"/>
        <line num="89" count="3" type="stmt"/>
        <line num="113" count="3" type="stmt"/>
        <line num="141" count="2" type="stmt"/>
        <line num="142" count="2" type="stmt"/>
        <line num="143" count="2" type="stmt"/>
        <line num="144" count="1" type="cond" truecount="1" falsecount="0"/>
        <line num="145" count="1" type="stmt"/>
        <line num="147" count="1" type="stmt"/>
        <line num="149" count="1" type="stmt"/>
        <line num="150" count="1" type="stmt"/>
        <line num="151" count="1" type="stmt"/>
        <line num="152" count="1" type="stmt"/>
        <line num="167" count="1" type="stmt"/>
      </file>
    </package>
    <package name="src.core.action.dto">
      <metrics statements="70" coveredstatements="69" conditionals="4" coveredconditionals="4" methods="26" coveredmethods="19"/>
      <file name="Action.ts" path="/Users/shaharblank/Documents/Sela-Work/amplication/amplication/packages/amplication-server/src/core/action/dto/Action.ts">
        <metrics statements="9" coveredstatements="9" conditionals="0" coveredconditionals="0" methods="3" coveredmethods="3"/>
        <line num="1" count="26" type="stmt"/>
        <line num="2" count="26" type="stmt"/>
        <line num="7" count="26" type="stmt"/>
        <line num="8" count="119" type="stmt"/>
        <line num="11" count="26" type="stmt"/>
        <line num="13" count="119" type="stmt"/>
        <line num="16" count="26" type="stmt"/>
        <line num="18" count="119" type="stmt"/>
        <line num="21" count="26" type="stmt"/>
      </file>
      <file name="ActionLog.ts" path="/Users/shaharblank/Documents/Sela-Work/amplication/amplication/packages/amplication-server/src/core/action/dto/ActionLog.ts">
        <metrics statements="14" coveredstatements="14" conditionals="0" coveredconditionals="0" methods="5" coveredmethods="5"/>
        <line num="1" count="26" type="stmt"/>
        <line num="3" count="26" type="stmt"/>
        <line num="4" count="26" type="stmt"/>
        <line num="9" count="26" type="stmt"/>
        <line num="10" count="119" type="stmt"/>
        <line num="11" count="26" type="stmt"/>
        <line num="13" count="119" type="stmt"/>
        <line num="14" count="26" type="stmt"/>
        <line num="16" count="119" type="stmt"/>
        <line num="17" count="26" type="stmt"/>
        <line num="19" count="119" type="stmt"/>
        <line num="20" count="26" type="stmt"/>
        <line num="22" count="119" type="stmt"/>
        <line num="23" count="26" type="stmt"/>
      </file>
      <file name="ActionStep.ts" path="/Users/shaharblank/Documents/Sela-Work/amplication/amplication/packages/amplication-server/src/core/action/dto/ActionStep.ts">
        <metrics statements="18" coveredstatements="18" conditionals="0" coveredconditionals="0" methods="7" coveredmethods="7"/>
        <line num="1" count="26" type="stmt"/>
        <line num="2" count="26" type="stmt"/>
        <line num="3" count="26" type="stmt"/>
        <line num="8" count="26" type="stmt"/>
        <line num="9" count="119" type="stmt"/>
        <line num="10" count="26" type="stmt"/>
        <line num="12" count="119" type="stmt"/>
        <line num="13" count="26" type="stmt"/>
        <line num="15" count="119" type="stmt"/>
        <line num="16" count="26" type="stmt"/>
        <line num="18" count="119" type="stmt"/>
        <line num="19" count="26" type="stmt"/>
        <line num="21" count="119" type="stmt"/>
        <line num="22" count="26" type="stmt"/>
        <line num="24" count="119" type="stmt"/>
        <line num="27" count="26" type="stmt"/>
        <line num="29" count="119" type="stmt"/>
        <line num="32" count="26" type="stmt"/>
      </file>
      <file name="CompleteStepArgs.ts" path="/Users/shaharblank/Documents/Sela-Work/amplication/amplication/packages/amplication-server/src/core/action/dto/CompleteStepArgs.ts">
        <metrics statements="1" coveredstatements="1" conditionals="0" coveredconditionals="0" methods="0" coveredmethods="0"/>
        <line num="4" count="14" type="stmt"/>
      </file>
      <file name="CreateLogArgs.ts" path="/Users/shaharblank/Documents/Sela-Work/amplication/amplication/packages/amplication-server/src/core/action/dto/CreateLogArgs.ts">
        <metrics statements="1" coveredstatements="1" conditionals="0" coveredconditionals="0" methods="0" coveredmethods="0"/>
        <line num="4" count="14" type="stmt"/>
      </file>
      <file name="EnumActionLogLevel.ts" path="/Users/shaharblank/Documents/Sela-Work/amplication/amplication/packages/amplication-server/src/core/action/dto/EnumActionLogLevel.ts">
        <metrics statements="7" coveredstatements="7" conditionals="2" coveredconditionals="2" methods="1" coveredmethods="1"/>
        <line num="1" count="26" type="stmt"/>
        <line num="3" count="26" type="cond" truecount="2" falsecount="0"/>
        <line num="4" count="26" type="stmt"/>
        <line num="5" count="26" type="stmt"/>
        <line num="6" count="26" type="stmt"/>
        <line num="7" count="26" type="stmt"/>
        <line num="9" count="26" type="stmt"/>
      </file>
      <file name="EnumActionStepStatus.ts" path="/Users/shaharblank/Documents/Sela-Work/amplication/amplication/packages/amplication-server/src/core/action/dto/EnumActionStepStatus.ts">
        <metrics statements="7" coveredstatements="7" conditionals="2" coveredconditionals="2" methods="1" coveredmethods="1"/>
        <line num="1" count="26" type="stmt"/>
        <line num="3" count="26" type="cond" truecount="2" falsecount="0"/>
        <line num="4" count="26" type="stmt"/>
        <line num="5" count="26" type="stmt"/>
        <line num="6" count="26" type="stmt"/>
        <line num="7" count="26" type="stmt"/>
        <line num="10" count="26" type="stmt"/>
      </file>
      <file name="FindOneActionArgs.ts" path="/Users/shaharblank/Documents/Sela-Work/amplication/amplication/packages/amplication-server/src/core/action/dto/FindOneActionArgs.ts">
        <metrics statements="5" coveredstatements="4" conditionals="0" coveredconditionals="0" methods="1" coveredmethods="0"/>
        <line num="1" count="14" type="stmt"/>
        <line num="2" count="14" type="stmt"/>
        <line num="5" count="14" type="stmt"/>
        <line num="6" count="0" type="stmt"/>
        <line num="7" count="14" type="stmt"/>
      </file>
      <file name="index.ts" path="/Users/shaharblank/Documents/Sela-Work/amplication/amplication/packages/amplication-server/src/core/action/dto/index.ts">
        <metrics statements="8" coveredstatements="8" conditionals="0" coveredconditionals="0" methods="8" coveredmethods="2"/>
        <line num="1" count="14" type="stmt"/>
        <line num="2" count="14" type="stmt"/>
        <line num="3" count="14" type="stmt"/>
        <line num="4" count="22" type="stmt"/>
        <line num="5" count="32" type="stmt"/>
        <line num="6" count="14" type="stmt"/>
        <line num="7" count="14" type="stmt"/>
        <line num="8" count="14" type="stmt"/>
      </file>
    </package>
    <package name="src.core.action.errors">
      <metrics statements="1" coveredstatements="1" conditionals="0" coveredconditionals="0" methods="0" coveredmethods="0"/>
      <file name="StepNameEmptyError.ts" path="/Users/shaharblank/Documents/Sela-Work/amplication/amplication/packages/amplication-server/src/core/action/errors/StepNameEmptyError.ts">
        <metrics statements="1" coveredstatements="1" conditionals="0" coveredconditionals="0" methods="0" coveredmethods="0"/>
        <line num="1" count="14" type="stmt"/>
      </file>
    </package>
    <package name="src.core.app">
      <metrics statements="285" coveredstatements="203" conditionals="42" coveredconditionals="9" methods="64" coveredmethods="46"/>
      <file name="InvalidColorError.ts" path="/Users/shaharblank/Documents/Sela-Work/amplication/amplication/packages/amplication-server/src/core/app/InvalidColorError.ts">
        <metrics statements="3" coveredstatements="3" conditionals="0" coveredconditionals="0" methods="1" coveredmethods="1"/>
        <line num="1" count="12" type="stmt"/>
        <line num="3" count="12" type="stmt"/>
        <line num="5" count="2" type="stmt"/>
      </file>
      <file name="ReservedEntityNameError.ts" path="/Users/shaharblank/Documents/Sela-Work/amplication/amplication/packages/amplication-server/src/core/app/ReservedEntityNameError.ts">
        <metrics statements="3" coveredstatements="3" conditionals="0" coveredconditionals="0" methods="1" coveredmethods="1"/>
        <line num="1" count="12" type="stmt"/>
        <line num="3" count="12" type="stmt"/>
        <line num="5" count="2" type="stmt"/>
      </file>
      <file name="ReservedNameError.ts" path="/Users/shaharblank/Documents/Sela-Work/amplication/amplication/packages/amplication-server/src/core/app/ReservedNameError.ts">
        <metrics statements="3" coveredstatements="3" conditionals="0" coveredconditionals="0" methods="1" coveredmethods="1"/>
        <line num="1" count="16" type="stmt"/>
        <line num="3" count="16" type="stmt"/>
        <line num="5" count="2" type="stmt"/>
      </file>
      <file name="app.resolver.ts" path="/Users/shaharblank/Documents/Sela-Work/amplication/amplication/packages/amplication-server/src/core/app/app.resolver.ts">
        <metrics statements="72" coveredstatements="63" conditionals="0" coveredconditionals="0" methods="32" coveredmethods="23"/>
        <line num="1" count="1" type="stmt"/>
        <line num="2" count="1" type="stmt"/>
        <line num="10" count="1" type="stmt"/>
        <line num="11" count="1" type="stmt"/>
        <line num="12" count="1" type="stmt"/>
        <line num="13" count="1" type="stmt"/>
        <line num="14" count="1" type="stmt"/>
        <line num="15" count="1" type="stmt"/>
        <line num="16" count="1" type="stmt"/>
        <line num="17" count="1" type="stmt"/>
        <line num="18" count="1" type="stmt"/>
        <line num="19" count="1" type="stmt"/>
        <line num="20" count="1" type="stmt"/>
        <line num="21" count="1" type="stmt"/>
        <line num="22" count="1" type="stmt"/>
        <line num="23" count="1" type="stmt"/>
        <line num="24" count="1" type="stmt"/>
        <line num="25" count="1" type="stmt"/>
        <line num="26" count="1" type="stmt"/>
        <line num="27" count="1" type="stmt"/>
        <line num="28" count="1" type="stmt"/>
        <line num="40" count="52" type="stmt"/>
        <line num="43" count="1" type="stmt"/>
        <line num="45" count="10" type="stmt"/>
        <line num="46" count="10" type="stmt"/>
        <line num="47" count="10" type="stmt"/>
        <line num="48" count="10" type="stmt"/>
        <line num="51" count="20" type="stmt"/>
        <line num="54" count="1" type="stmt"/>
        <line num="55" count="4" type="stmt"/>
        <line num="58" count="20" type="stmt"/>
        <line num="67" count="1" type="stmt"/>
        <line num="68" count="0" type="stmt"/>
        <line num="71" count="0" type="stmt"/>
        <line num="72" count="1" type="stmt"/>
        <line num="76" count="5" type="stmt"/>
        <line num="82" count="0" type="stmt"/>
        <line num="83" count="1" type="stmt"/>
        <line num="87" count="5" type="stmt"/>
        <line num="93" count="0" type="stmt"/>
        <line num="94" count="1" type="stmt"/>
        <line num="95" count="5" type="stmt"/>
        <line num="100" count="20" type="stmt"/>
        <line num="106" count="1" type="stmt"/>
        <line num="110" count="1" type="stmt"/>
        <line num="113" count="20" type="stmt"/>
        <line num="119" count="1" type="stmt"/>
        <line num="123" count="0" type="stmt"/>
        <line num="126" count="20" type="stmt"/>
        <line num="131" count="1" type="stmt"/>
        <line num="132" count="1" type="stmt"/>
        <line num="135" count="20" type="stmt"/>
        <line num="140" count="1" type="stmt"/>
        <line num="141" count="1" type="stmt"/>
        <line num="144" count="20" type="stmt"/>
        <line num="153" count="1" type="stmt"/>
        <line num="154" count="1" type="stmt"/>
        <line num="157" count="20" type="stmt"/>
        <line num="166" count="1" type="stmt"/>
        <line num="169" count="1" type="stmt"/>
        <line num="172" count="20" type="stmt"/>
        <line num="176" count="1" type="stmt"/>
        <line num="180" count="1" type="stmt"/>
        <line num="183" count="20" type="stmt"/>
        <line num="187" count="1" type="stmt"/>
        <line num="190" count="0" type="stmt"/>
        <line num="193" count="0" type="stmt"/>
        <line num="194" count="1" type="stmt"/>
        <line num="195" count="0" type="stmt"/>
        <line num="198" count="20" type="stmt"/>
        <line num="199" count="1" type="stmt"/>
        <line num="200" count="0" type="stmt"/>
      </file>
      <file name="app.service.ts" path="/Users/shaharblank/Documents/Sela-Work/amplication/amplication/packages/amplication-server/src/core/app/app.service.ts">
        <metrics statements="181" coveredstatements="108" conditionals="42" coveredconditionals="9" methods="28" coveredmethods="19"/>
        <line num="2" count="12" type="stmt"/>
        <line num="3" count="12" type="stmt"/>
        <line num="5" count="12" type="stmt"/>
        <line num="6" count="12" type="stmt"/>
        <line num="7" count="12" type="stmt"/>
        <line num="8" count="12" type="stmt"/>
        <line num="9" count="12" type="stmt"/>
        <line num="11" count="12" type="stmt"/>
        <line num="12" count="12" type="stmt"/>
        <line num="13" count="12" type="stmt"/>
        <line num="15" count="12" type="stmt"/>
        <line num="16" count="12" type="stmt"/>
        <line num="17" count="12" type="stmt"/>
        <line num="18" count="12" type="stmt"/>
        <line num="19" count="12" type="stmt"/>
        <line num="20" count="12" type="stmt"/>
        <line num="21" count="12" type="stmt"/>
        <line num="22" count="12" type="stmt"/>
        <line num="23" count="12" type="stmt"/>
        <line num="35" count="12" type="stmt"/>
        <line num="36" count="12" type="stmt"/>
        <line num="37" count="12" type="stmt"/>
        <line num="43" count="12" type="stmt"/>
        <line num="48" count="12" type="stmt"/>
        <line num="49" count="12" type="stmt"/>
        <line num="51" count="12" type="stmt"/>
        <line num="52" count="12" type="stmt"/>
        <line num="56" count="12" type="stmt"/>
        <line num="58" count="12" type="stmt"/>
        <line num="61" count="12" type="stmt"/>
        <line num="63" count="13" type="stmt"/>
        <line num="64" count="13" type="stmt"/>
        <line num="65" count="13" type="stmt"/>
        <line num="66" count="13" type="stmt"/>
        <line num="67" count="13" type="stmt"/>
        <line num="68" count="13" type="stmt"/>
        <line num="75" count="4" type="stmt"/>
        <line num="76" count="4" type="cond" truecount="3" falsecount="0"/>
        <line num="77" count="1" type="stmt"/>
        <line num="80" count="3" type="stmt"/>
        <line num="95" count="3" type="stmt"/>
        <line num="97" count="3" type="stmt"/>
        <line num="99" count="3" type="stmt"/>
        <line num="100" count="3" type="stmt"/>
        <line num="120" count="3" type="stmt"/>
        <line num="128" count="1" type="stmt"/>
        <line num="135" count="1" type="stmt"/>
        <line num="140" count="1" type="stmt"/>
        <line num="142" count="1" type="stmt"/>
        <line num="147" count="1" type="stmt"/>
        <line num="153" count="1" type="stmt"/>
        <line num="169" count="1" type="stmt"/>
        <line num="180" count="2" type="cond" truecount="1" falsecount="0"/>
        <line num="182" count="2" type="stmt"/>
        <line num="185" count="1" type="stmt"/>
        <line num="188" count="1" type="stmt"/>
        <line num="202" count="1" type="stmt"/>
        <line num="203" count="1" type="stmt"/>
        <line num="204" count="1" type="stmt"/>
        <line num="206" count="1" type="stmt"/>
        <line num="209" count="0" type="stmt"/>
        <line num="210" count="0" type="stmt"/>
        <line num="213" count="1" type="stmt"/>
        <line num="222" count="1" type="stmt"/>
        <line num="224" count="1" type="stmt"/>
        <line num="228" count="1" type="stmt"/>
        <line num="230" count="1" type="stmt"/>
        <line num="231" count="1" type="stmt"/>
        <line num="232" count="1" type="stmt"/>
        <line num="234" count="1" type="stmt"/>
        <line num="250" count="1" type="stmt"/>
        <line num="255" count="1" type="stmt"/>
        <line num="256" count="1" type="stmt"/>
        <line num="274" count="1" type="stmt"/>
        <line num="278" count="1" type="cond" truecount="0" falsecount="1"/>
        <line num="279" count="0" type="stmt"/>
        <line num="280" count="0" type="stmt"/>
        <line num="298" count="1" type="cond" truecount="1" falsecount="0"/>
        <line num="299" count="1" type="stmt"/>
        <line num="300" count="1" type="stmt"/>
        <line num="318" count="1" type="stmt"/>
        <line num="322" count="4" type="stmt"/>
        <line num="331" count="1" type="stmt"/>
        <line num="341" count="1" type="stmt"/>
        <line num="347" count="1" type="cond" truecount="0" falsecount="1"/>
        <line num="348" count="0" type="stmt"/>
        <line num="351" count="1" type="stmt"/>
        <line num="357" count="1" type="cond" truecount="1" falsecount="0"/>
        <line num="358" count="1" type="stmt"/>
        <line num="365" count="1" type="stmt"/>
        <line num="375" count="2" type="stmt"/>
        <line num="381" count="1" type="cond" truecount="0" falsecount="1"/>
        <line num="382" count="0" type="stmt"/>
        <line num="385" count="1" type="stmt"/>
        <line num="395" count="0" type="stmt"/>
        <line num="397" count="0" type="stmt"/>
        <line num="411" count="0" type="cond" truecount="0" falsecount="1"/>
        <line num="412" count="0" type="stmt"/>
        <line num="415" count="0" type="stmt"/>
        <line num="420" count="0" type="stmt"/>
        <line num="427" count="6" type="stmt"/>
        <line num="428" count="6" type="stmt"/>
        <line num="430" count="6" type="stmt"/>
        <line num="444" count="6" type="cond" truecount="0" falsecount="1"/>
        <line num="445" count="0" type="stmt"/>
        <line num="448" count="6" type="stmt"/>
        <line num="455" count="6" type="stmt"/>
        <line num="457" count="6" type="stmt"/>
        <line num="459" count="6" type="stmt"/>
        <line num="474" count="6" type="stmt"/>
        <line num="478" count="6" type="stmt"/>
        <line num="479" count="6" type="stmt"/>
        <line num="480" count="6" type="stmt"/>
        <line num="485" count="6" type="stmt"/>
        <line num="487" count="6" type="stmt"/>
        <line num="502" count="6" type="stmt"/>
        <line num="504" count="6" type="stmt"/>
        <line num="505" count="6" type="stmt"/>
        <line num="506" count="6" type="stmt"/>
        <line num="514" count="6" type="stmt"/>
        <line num="538" count="6" type="stmt"/>
        <line num="544" count="0" type="stmt"/>
        <line num="545" count="0" type="stmt"/>
        <line num="547" count="0" type="stmt"/>
        <line num="561" count="0" type="cond" truecount="0" falsecount="1"/>
        <line num="562" count="0" type="stmt"/>
        <line num="565" count="0" type="stmt"/>
        <line num="570" count="0" type="cond" truecount="0" falsecount="3"/>
        <line num="571" count="0" type="stmt"/>
        <line num="576" count="0" type="stmt"/>
        <line num="577" count="0" type="stmt"/>
        <line num="582" count="0" type="stmt"/>
        <line num="583" count="0" type="stmt"/>
        <line num="586" count="0" type="stmt"/>
        <line num="587" count="0" type="stmt"/>
        <line num="592" count="0" type="stmt"/>
        <line num="602" count="0" type="stmt"/>
        <line num="603" count="0" type="stmt"/>
        <line num="605" count="0" type="stmt"/>
        <line num="611" count="0" type="stmt"/>
        <line num="617" count="0" type="cond" truecount="0" falsecount="1"/>
        <line num="618" count="0" type="stmt"/>
        <line num="621" count="0" type="cond" truecount="0" falsecount="1"/>
        <line num="622" count="0" type="cond" truecount="0" falsecount="1"/>
        <line num="624" count="0" type="stmt"/>
        <line num="626" count="0" type="cond" truecount="0" falsecount="1"/>
        <line num="627" count="0" type="stmt"/>
        <line num="628" count="0" type="stmt"/>
        <line num="630" count="0" type="stmt"/>
        <line num="633" count="0" type="cond" truecount="0" falsecount="1"/>
        <line num="634" count="0" type="stmt"/>
        <line num="635" count="0" type="stmt"/>
        <line num="638" count="0" type="cond" truecount="0" falsecount="1"/>
        <line num="642" count="0" type="stmt"/>
        <line num="643" count="0" type="stmt"/>
        <line num="646" count="0" type="cond" truecount="0" falsecount="1"/>
        <line num="650" count="0" type="stmt"/>
        <line num="651" count="0" type="stmt"/>
        <line num="656" count="0" type="cond" truecount="0" falsecount="9"/>
        <line num="657" count="0" type="stmt"/>
        <line num="658" count="0" type="stmt"/>
        <line num="663" count="0" type="stmt"/>
        <line num="672" count="0" type="stmt"/>
        <line num="678" count="0" type="stmt"/>
        <line num="687" count="0" type="cond" truecount="0" falsecount="1"/>
        <line num="688" count="0" type="stmt"/>
        <line num="691" count="0" type="cond" truecount="0" falsecount="1"/>
        <line num="692" count="0" type="stmt"/>
        <line num="696" count="0" type="stmt"/>
        <line num="697" count="0" type="stmt"/>
        <line num="707" count="0" type="stmt"/>
        <line num="711" count="0" type="stmt"/>
        <line num="712" count="0" type="stmt"/>
        <line num="714" count="0" type="stmt"/>
        <line num="719" count="0" type="stmt"/>
        <line num="723" count="0" type="stmt"/>
        <line num="729" count="0" type="cond" truecount="0" falsecount="1"/>
        <line num="730" count="0" type="stmt"/>
        <line num="734" count="0" type="stmt"/>
        <line num="746" count="0" type="stmt"/>
        <line num="757" count="0" type="stmt"/>
      </file>
      <file name="sampleApp.ts" path="/Users/shaharblank/Documents/Sela-Work/amplication/amplication/packages/amplication-server/src/core/app/sampleApp.ts">
        <metrics statements="23" coveredstatements="23" conditionals="0" coveredconditionals="0" methods="1" coveredmethods="1"/>
        <line num="6" count="13" type="stmt"/>
        <line num="7" count="13" type="stmt"/>
        <line num="8" count="13" type="stmt"/>
        <line num="14" count="13" type="stmt"/>
        <line num="19" count="13" type="stmt"/>
        <line num="21" count="13" type="stmt"/>
        <line num="34" count="13" type="stmt"/>
        <line num="47" count="13" type="stmt"/>
        <line num="107" count="13" type="stmt"/>
        <line num="120" count="13" type="stmt"/>
        <line num="133" count="13" type="stmt"/>
        <line num="146" count="13" type="stmt"/>
        <line num="159" count="13" type="stmt"/>
        <line num="245" count="13" type="stmt"/>
        <line num="252" count="4" type="stmt"/>
        <line num="253" count="4" type="stmt"/>
        <line num="255" count="4" type="stmt"/>
        <line num="256" count="4" type="stmt"/>
        <line num="258" count="4" type="stmt"/>
        <line num="259" count="4" type="stmt"/>
        <line num="261" count="4" type="stmt"/>
        <line num="262" count="4" type="stmt"/>
        <line num="264" count="4" type="stmt"/>
      </file>
    </package>
    <package name="src.core.app.dto">
      <metrics statements="214" coveredstatements="206" conditionals="7" coveredconditionals="6" methods="78" coveredmethods="62"/>
      <file name="AppCreateInput.ts" path="/Users/shaharblank/Documents/Sela-Work/amplication/amplication/packages/amplication-server/src/core/app/dto/AppCreateInput.ts">
        <metrics statements="8" coveredstatements="8" conditionals="0" coveredconditionals="0" methods="3" coveredmethods="3"/>
        <line num="1" count="21" type="stmt"/>
        <line num="6" count="21" type="stmt"/>
        <line num="7" count="10" type="stmt"/>
        <line num="10" count="21" type="stmt"/>
        <line num="12" count="10" type="stmt"/>
        <line num="15" count="21" type="stmt"/>
        <line num="17" count="10" type="stmt"/>
        <line num="20" count="21" type="stmt"/>
      </file>
      <file name="AppCreateWithEntitiesInput.ts" path="/Users/shaharblank/Documents/Sela-Work/amplication/amplication/packages/amplication-server/src/core/app/dto/AppCreateWithEntitiesInput.ts">
        <metrics statements="22" coveredstatements="22" conditionals="0" coveredconditionals="0" methods="8" coveredmethods="8"/>
        <line num="1" count="21" type="stmt"/>
        <line num="2" count="21" type="stmt"/>
        <line num="3" count="21" type="stmt"/>
        <line num="8" count="21" type="stmt"/>
        <line num="9" count="10" type="stmt"/>
        <line num="12" count="21" type="stmt"/>
        <line num="14" count="10" type="stmt"/>
        <line num="18" count="21" type="stmt"/>
        <line num="24" count="21" type="stmt"/>
        <line num="25" count="10" type="stmt"/>
        <line num="28" count="21" type="stmt"/>
        <line num="30" count="10" type="stmt"/>
        <line num="33" count="21" type="stmt"/>
        <line num="35" count="10" type="stmt"/>
        <line num="38" count="21" type="stmt"/>
        <line num="44" count="21" type="stmt"/>
        <line num="45" count="10" type="stmt"/>
        <line num="48" count="21" type="stmt"/>
        <line num="50" count="10" type="stmt"/>
        <line num="53" count="21" type="stmt"/>
        <line num="55" count="10" type="stmt"/>
        <line num="58" count="21" type="stmt"/>
      </file>
      <file name="AppFilter.ts" path="/Users/shaharblank/Documents/Sela-Work/amplication/amplication/packages/amplication-server/src/core/app/dto/AppFilter.ts">
        <metrics statements="9" coveredstatements="6" conditionals="0" coveredconditionals="0" methods="3" coveredmethods="0"/>
        <line num="1" count="21" type="stmt"/>
        <line num="2" count="21" type="stmt"/>
        <line num="8" count="21" type="stmt"/>
        <line num="9" count="0" type="stmt"/>
        <line num="13" count="21" type="stmt"/>
        <line num="15" count="0" type="stmt"/>
        <line num="19" count="21" type="stmt"/>
        <line num="21" count="0" type="stmt"/>
        <line num="25" count="21" type="stmt"/>
      </file>
      <file name="AppOrderByInput.ts" path="/Users/shaharblank/Documents/Sela-Work/amplication/amplication/packages/amplication-server/src/core/app/dto/AppOrderByInput.ts">
        <metrics statements="13" coveredstatements="13" conditionals="0" coveredconditionals="0" methods="5" coveredmethods="5"/>
        <line num="1" count="21" type="stmt"/>
        <line num="2" count="21" type="stmt"/>
        <line num="8" count="21" type="stmt"/>
        <line num="9" count="10" type="stmt"/>
        <line num="13" count="21" type="stmt"/>
        <line num="15" count="10" type="stmt"/>
        <line num="19" count="21" type="stmt"/>
        <line num="21" count="10" type="stmt"/>
        <line num="25" count="21" type="stmt"/>
        <line num="27" count="10" type="stmt"/>
        <line num="31" count="21" type="stmt"/>
        <line num="33" count="10" type="stmt"/>
        <line num="37" count="21" type="stmt"/>
      </file>
      <file name="AppUpdateInput.ts" path="/Users/shaharblank/Documents/Sela-Work/amplication/amplication/packages/amplication-server/src/core/app/dto/AppUpdateInput.ts">
        <metrics statements="8" coveredstatements="8" conditionals="0" coveredconditionals="0" methods="3" coveredmethods="3"/>
        <line num="1" count="21" type="stmt"/>
        <line num="7" count="21" type="stmt"/>
        <line num="8" count="10" type="stmt"/>
        <line num="12" count="21" type="stmt"/>
        <line num="14" count="10" type="stmt"/>
        <line num="18" count="21" type="stmt"/>
        <line num="20" count="10" type="stmt"/>
        <line num="24" count="21" type="stmt"/>
      </file>
      <file name="AppValidationResult.ts" path="/Users/shaharblank/Documents/Sela-Work/amplication/amplication/packages/amplication-server/src/core/app/dto/AppValidationResult.ts">
        <metrics statements="12" coveredstatements="12" conditionals="2" coveredconditionals="2" methods="3" coveredmethods="3"/>
        <line num="1" count="21" type="stmt"/>
        <line num="3" count="21" type="cond" truecount="2" falsecount="0"/>
        <line num="4" count="21" type="stmt"/>
        <line num="5" count="21" type="stmt"/>
        <line num="6" count="21" type="stmt"/>
        <line num="7" count="21" type="stmt"/>
        <line num="10" count="21" type="stmt"/>
        <line num="19" count="21" type="stmt"/>
        <line num="20" count="65" type="stmt"/>
        <line num="21" count="21" type="stmt"/>
        <line num="23" count="65" type="stmt"/>
        <line num="24" count="21" type="stmt"/>
      </file>
      <file name="AppWhereInput.ts" path="/Users/shaharblank/Documents/Sela-Work/amplication/amplication/packages/amplication-server/src/core/app/dto/AppWhereInput.ts">
        <metrics statements="13" coveredstatements="13" conditionals="0" coveredconditionals="0" methods="5" coveredmethods="5"/>
        <line num="1" count="21" type="stmt"/>
        <line num="2" count="21" type="stmt"/>
        <line num="9" count="21" type="stmt"/>
        <line num="10" count="10" type="stmt"/>
        <line num="14" count="21" type="stmt"/>
        <line num="16" count="10" type="stmt"/>
        <line num="20" count="21" type="stmt"/>
        <line num="22" count="10" type="stmt"/>
        <line num="26" count="21" type="stmt"/>
        <line num="28" count="10" type="stmt"/>
        <line num="32" count="21" type="stmt"/>
        <line num="34" count="10" type="stmt"/>
        <line num="38" count="21" type="stmt"/>
      </file>
      <file name="CommitCreateInput.ts" path="/Users/shaharblank/Documents/Sela-Work/amplication/amplication/packages/amplication-server/src/core/app/dto/CommitCreateInput.ts">
        <metrics statements="7" coveredstatements="7" conditionals="0" coveredconditionals="0" methods="2" coveredmethods="2"/>
        <line num="1" count="21" type="stmt"/>
        <line num="2" count="21" type="stmt"/>
        <line num="7" count="21" type="stmt"/>
        <line num="8" count="10" type="stmt"/>
        <line num="11" count="21" type="stmt"/>
        <line num="13" count="10" type="stmt"/>
        <line num="17" count="21" type="stmt"/>
      </file>
      <file name="CreateAppWithEntitiesArgs.ts" path="/Users/shaharblank/Documents/Sela-Work/amplication/amplication/packages/amplication-server/src/core/app/dto/CreateAppWithEntitiesArgs.ts">
        <metrics statements="5" coveredstatements="5" conditionals="0" coveredconditionals="0" methods="1" coveredmethods="1"/>
        <line num="1" count="21" type="stmt"/>
        <line num="2" count="21" type="stmt"/>
        <line num="5" count="21" type="stmt"/>
        <line num="6" count="10" type="stmt"/>
        <line num="7" count="21" type="stmt"/>
      </file>
      <file name="CreateCommitArgs.ts" path="/Users/shaharblank/Documents/Sela-Work/amplication/amplication/packages/amplication-server/src/core/app/dto/CreateCommitArgs.ts">
        <metrics statements="5" coveredstatements="5" conditionals="0" coveredconditionals="0" methods="1" coveredmethods="1"/>
        <line num="1" count="21" type="stmt"/>
        <line num="2" count="21" type="stmt"/>
        <line num="5" count="21" type="stmt"/>
        <line num="6" count="10" type="stmt"/>
        <line num="7" count="21" type="stmt"/>
      </file>
      <file name="CreateOneAppArgs.ts" path="/Users/shaharblank/Documents/Sela-Work/amplication/amplication/packages/amplication-server/src/core/app/dto/CreateOneAppArgs.ts">
        <metrics statements="5" coveredstatements="5" conditionals="0" coveredconditionals="0" methods="1" coveredmethods="1"/>
        <line num="1" count="21" type="stmt"/>
        <line num="2" count="21" type="stmt"/>
        <line num="5" count="21" type="stmt"/>
        <line num="6" count="10" type="stmt"/>
        <line num="7" count="21" type="stmt"/>
      </file>
      <file name="DiscardPendingChangesArgs.ts" path="/Users/shaharblank/Documents/Sela-Work/amplication/amplication/packages/amplication-server/src/core/app/dto/DiscardPendingChangesArgs.ts">
        <metrics statements="5" coveredstatements="5" conditionals="0" coveredconditionals="0" methods="1" coveredmethods="1"/>
        <line num="1" count="21" type="stmt"/>
        <line num="2" count="21" type="stmt"/>
        <line num="5" count="21" type="stmt"/>
        <line num="6" count="10" type="stmt"/>
        <line num="7" count="21" type="stmt"/>
      </file>
      <file name="EnumPendingChangeAction.ts" path="/Users/shaharblank/Documents/Sela-Work/amplication/amplication/packages/amplication-server/src/core/app/dto/EnumPendingChangeAction.ts">
        <metrics statements="6" coveredstatements="6" conditionals="2" coveredconditionals="2" methods="1" coveredmethods="1"/>
        <line num="1" count="24" type="stmt"/>
        <line num="3" count="24" type="cond" truecount="2" falsecount="0"/>
        <line num="4" count="24" type="stmt"/>
        <line num="5" count="24" type="stmt"/>
        <line num="6" count="24" type="stmt"/>
        <line num="9" count="24" type="stmt"/>
      </file>
      <file name="EnumPendingChangeResourceType.ts" path="/Users/shaharblank/Documents/Sela-Work/amplication/amplication/packages/amplication-server/src/core/app/dto/EnumPendingChangeResourceType.ts">
        <metrics statements="5" coveredstatements="5" conditionals="2" coveredconditionals="2" methods="1" coveredmethods="1"/>
        <line num="1" count="24" type="stmt"/>
        <line num="3" count="24" type="cond" truecount="2" falsecount="0"/>
        <line num="4" count="24" type="stmt"/>
        <line num="5" count="24" type="stmt"/>
        <line num="8" count="24" type="stmt"/>
      </file>
      <file name="FindManyAppArgs.ts" path="/Users/shaharblank/Documents/Sela-Work/amplication/amplication/packages/amplication-server/src/core/app/dto/FindManyAppArgs.ts">
        <metrics statements="12" coveredstatements="12" conditionals="0" coveredconditionals="0" methods="4" coveredmethods="4"/>
        <line num="1" count="21" type="stmt"/>
        <line num="2" count="21" type="stmt"/>
        <line num="3" count="21" type="stmt"/>
        <line num="6" count="21" type="stmt"/>
        <line num="7" count="10" type="stmt"/>
        <line num="8" count="21" type="stmt"/>
        <line num="10" count="10" type="stmt"/>
        <line num="11" count="21" type="stmt"/>
        <line num="13" count="10" type="stmt"/>
        <line num="14" count="21" type="stmt"/>
        <line num="16" count="10" type="stmt"/>
        <line num="17" count="21" type="stmt"/>
      </file>
      <file name="FindManyCommitsArgs.ts" path="/Users/shaharblank/Documents/Sela-Work/amplication/amplication/packages/amplication-server/src/core/app/dto/FindManyCommitsArgs.ts">
        <metrics statements="12" coveredstatements="8" conditionals="0" coveredconditionals="0" methods="4" coveredmethods="0"/>
        <line num="1" count="21" type="stmt"/>
        <line num="2" count="21" type="stmt"/>
        <line num="3" count="21" type="stmt"/>
        <line num="6" count="21" type="stmt"/>
        <line num="7" count="0" type="stmt"/>
        <line num="8" count="21" type="stmt"/>
        <line num="10" count="0" type="stmt"/>
        <line num="11" count="21" type="stmt"/>
        <line num="13" count="0" type="stmt"/>
        <line num="14" count="21" type="stmt"/>
        <line num="16" count="0" type="stmt"/>
        <line num="17" count="21" type="stmt"/>
      </file>
      <file name="FindPendingChangesArgs.ts" path="/Users/shaharblank/Documents/Sela-Work/amplication/amplication/packages/amplication-server/src/core/app/dto/FindPendingChangesArgs.ts">
        <metrics statements="5" coveredstatements="5" conditionals="0" coveredconditionals="0" methods="1" coveredmethods="1"/>
        <line num="1" count="21" type="stmt"/>
        <line num="2" count="21" type="stmt"/>
        <line num="5" count="21" type="stmt"/>
        <line num="6" count="10" type="stmt"/>
        <line num="7" count="21" type="stmt"/>
      </file>
      <file name="PendingChange.ts" path="/Users/shaharblank/Documents/Sela-Work/amplication/amplication/packages/amplication-server/src/core/app/dto/PendingChange.ts">
        <metrics statements="15" coveredstatements="15" conditionals="0" coveredconditionals="0" methods="5" coveredmethods="5"/>
        <line num="1" count="24" type="stmt"/>
        <line num="2" count="24" type="stmt"/>
        <line num="5" count="24" type="stmt"/>
        <line num="6" count="24" type="stmt"/>
        <line num="12" count="24" type="stmt"/>
        <line num="13" count="119" type="stmt"/>
        <line num="17" count="24" type="stmt"/>
        <line num="19" count="119" type="stmt"/>
        <line num="23" count="24" type="stmt"/>
        <line num="25" count="119" type="stmt"/>
        <line num="29" count="24" type="stmt"/>
        <line num="31" count="119" type="stmt"/>
        <line num="35" count="24" type="stmt"/>
        <line num="37" count="119" type="stmt"/>
        <line num="41" count="24" type="stmt"/>
      </file>
      <file name="PendingChangeResource.ts" path="/Users/shaharblank/Documents/Sela-Work/amplication/amplication/packages/amplication-server/src/core/app/dto/PendingChangeResource.ts">
        <metrics statements="8" coveredstatements="7" conditionals="1" coveredconditionals="0" methods="2" coveredmethods="2"/>
        <line num="1" count="24" type="stmt"/>
        <line num="2" count="24" type="stmt"/>
        <line num="3" count="24" type="stmt"/>
        <line num="6" count="24" type="stmt"/>
        <line num="8" count="57" type="stmt"/>
        <line num="10" count="1" type="cond" truecount="0" falsecount="1"/>
        <line num="11" count="0" type="stmt"/>
        <line num="13" count="1" type="stmt"/>
      </file>
      <file name="PendingChangesDiscardInput.ts" path="/Users/shaharblank/Documents/Sela-Work/amplication/amplication/packages/amplication-server/src/core/app/dto/PendingChangesDiscardInput.ts">
        <metrics statements="5" coveredstatements="5" conditionals="0" coveredconditionals="0" methods="1" coveredmethods="1"/>
        <line num="1" count="21" type="stmt"/>
        <line num="2" count="21" type="stmt"/>
        <line num="7" count="21" type="stmt"/>
        <line num="8" count="10" type="stmt"/>
        <line num="12" count="21" type="stmt"/>
      </file>
      <file name="PendingChangesFindInput.ts" path="/Users/shaharblank/Documents/Sela-Work/amplication/amplication/packages/amplication-server/src/core/app/dto/PendingChangesFindInput.ts">
        <metrics statements="5" coveredstatements="5" conditionals="0" coveredconditionals="0" methods="1" coveredmethods="1"/>
        <line num="1" count="21" type="stmt"/>
        <line num="2" count="21" type="stmt"/>
        <line num="7" count="21" type="stmt"/>
        <line num="8" count="10" type="stmt"/>
        <line num="11" count="21" type="stmt"/>
      </file>
      <file name="UpdateOneAppArgs.ts" path="/Users/shaharblank/Documents/Sela-Work/amplication/amplication/packages/amplication-server/src/core/app/dto/UpdateOneAppArgs.ts">
        <metrics statements="8" coveredstatements="8" conditionals="0" coveredconditionals="0" methods="2" coveredmethods="2"/>
        <line num="1" count="21" type="stmt"/>
        <line num="2" count="21" type="stmt"/>
        <line num="3" count="21" type="stmt"/>
        <line num="6" count="21" type="stmt"/>
        <line num="7" count="10" type="stmt"/>
        <line num="8" count="21" type="stmt"/>
        <line num="10" count="10" type="stmt"/>
        <line num="11" count="21" type="stmt"/>
      </file>
      <file name="index.ts" path="/Users/shaharblank/Documents/Sela-Work/amplication/amplication/packages/amplication-server/src/core/app/dto/index.ts">
        <metrics statements="21" coveredstatements="21" conditionals="0" coveredconditionals="0" methods="20" coveredmethods="11"/>
        <line num="1" count="22" type="stmt"/>
        <line num="2" count="22" type="stmt"/>
        <line num="3" count="22" type="stmt"/>
        <line num="5" count="21" type="stmt"/>
        <line num="6" count="21" type="stmt"/>
        <line num="7" count="21" type="stmt"/>
        <line num="8" count="21" type="stmt"/>
        <line num="9" count="21" type="stmt"/>
        <line num="10" count="22" type="stmt"/>
        <line num="11" count="22" type="stmt"/>
        <line num="12" count="21" type="stmt"/>
        <line num="13" count="22" type="stmt"/>
        <line num="14" count="41" type="stmt"/>
        <line num="15" count="29" type="stmt"/>
        <line num="16" count="32" type="stmt"/>
        <line num="17" count="21" type="stmt"/>
        <line num="18" count="21" type="stmt"/>
        <line num="19" count="22" type="stmt"/>
        <line num="20" count="21" type="stmt"/>
        <line num="21" count="41" type="stmt"/>
        <line num="22" count="21" type="stmt"/>
      </file>
    </package>
    <package name="src.core.appRole">
      <metrics statements="35" coveredstatements="35" conditionals="0" coveredconditionals="0" methods="18" coveredmethods="18"/>
      <file name="appRole.resolver.ts" path="/Users/shaharblank/Documents/Sela-Work/amplication/amplication/packages/amplication-server/src/core/appRole/appRole.resolver.ts">
        <metrics statements="26" coveredstatements="26" conditionals="0" coveredconditionals="0" methods="12" coveredmethods="12"/>
        <line num="1" count="1" type="stmt"/>
        <line num="2" count="1" type="stmt"/>
        <line num="3" count="1" type="stmt"/>
        <line num="4" count="1" type="stmt"/>
        <line num="5" count="1" type="stmt"/>
        <line num="12" count="1" type="stmt"/>
        <line num="13" count="1" type="stmt"/>
        <line num="14" count="1" type="stmt"/>
        <line num="16" count="2" type="stmt"/>
        <line num="18" count="1" type="stmt"/>
        <line num="19" count="5" type="stmt"/>
        <line num="20" count="10" type="stmt"/>
        <line num="25" count="1" type="stmt"/>
        <line num="26" count="1" type="stmt"/>
        <line num="29" count="10" type="stmt"/>
        <line num="34" count="1" type="stmt"/>
        <line num="35" count="1" type="stmt"/>
        <line num="38" count="10" type="stmt"/>
        <line num="43" count="1" type="stmt"/>
        <line num="44" count="1" type="stmt"/>
        <line num="47" count="10" type="stmt"/>
        <line num="52" count="1" type="stmt"/>
        <line num="55" count="1" type="stmt"/>
        <line num="58" count="10" type="stmt"/>
        <line num="63" count="1" type="stmt"/>
        <line num="66" count="1" type="stmt"/>
      </file>
      <file name="appRole.service.ts" path="/Users/shaharblank/Documents/Sela-Work/amplication/amplication/packages/amplication-server/src/core/appRole/appRole.service.ts">
        <metrics statements="9" coveredstatements="9" conditionals="0" coveredconditionals="0" methods="6" coveredmethods="6"/>
        <line num="1" count="14" type="stmt"/>
        <line num="3" count="14" type="stmt"/>
        <line num="13" count="14" type="stmt"/>
        <line num="14" count="6" type="stmt"/>
        <line num="17" count="1" type="stmt"/>
        <line num="21" count="1" type="stmt"/>
        <line num="25" count="1" type="stmt"/>
        <line num="29" count="1" type="stmt"/>
        <line num="33" count="1" type="stmt"/>
      </file>
    </package>
    <package name="src.core.appRole.dto">
      <metrics statements="107" coveredstatements="104" conditionals="0" coveredconditionals="0" methods="43" coveredmethods="35"/>
      <file name="AppRoleCreateInput.ts" path="/Users/shaharblank/Documents/Sela-Work/amplication/amplication/packages/amplication-server/src/core/appRole/dto/AppRoleCreateInput.ts">
        <metrics statements="11" coveredstatements="11" conditionals="0" coveredconditionals="0" methods="4" coveredmethods="4"/>
        <line num="1" count="1" type="stmt"/>
        <line num="2" count="1" type="stmt"/>
        <line num="7" count="1" type="stmt"/>
        <line num="8" count="5" type="stmt"/>
        <line num="11" count="1" type="stmt"/>
        <line num="13" count="5" type="stmt"/>
        <line num="16" count="1" type="stmt"/>
        <line num="18" count="5" type="stmt"/>
        <line num="22" count="1" type="stmt"/>
        <line num="24" count="5" type="stmt"/>
        <line num="28" count="1" type="stmt"/>
      </file>
      <file name="AppRoleFilter.ts" path="/Users/shaharblank/Documents/Sela-Work/amplication/amplication/packages/amplication-server/src/core/appRole/dto/AppRoleFilter.ts">
        <metrics statements="9" coveredstatements="6" conditionals="0" coveredconditionals="0" methods="3" coveredmethods="0"/>
        <line num="1" count="1" type="stmt"/>
        <line num="2" count="1" type="stmt"/>
        <line num="8" count="1" type="stmt"/>
        <line num="9" count="0" type="stmt"/>
        <line num="13" count="1" type="stmt"/>
        <line num="15" count="0" type="stmt"/>
        <line num="19" count="1" type="stmt"/>
        <line num="21" count="0" type="stmt"/>
        <line num="25" count="1" type="stmt"/>
      </file>
      <file name="AppRoleOrderByInput.ts" path="/Users/shaharblank/Documents/Sela-Work/amplication/amplication/packages/amplication-server/src/core/appRole/dto/AppRoleOrderByInput.ts">
        <metrics statements="15" coveredstatements="15" conditionals="0" coveredconditionals="0" methods="6" coveredmethods="6"/>
        <line num="1" count="1" type="stmt"/>
        <line num="2" count="1" type="stmt"/>
        <line num="8" count="1" type="stmt"/>
        <line num="9" count="5" type="stmt"/>
        <line num="13" count="1" type="stmt"/>
        <line num="15" count="5" type="stmt"/>
        <line num="19" count="1" type="stmt"/>
        <line num="21" count="5" type="stmt"/>
        <line num="25" count="1" type="stmt"/>
        <line num="27" count="5" type="stmt"/>
        <line num="31" count="1" type="stmt"/>
        <line num="33" count="5" type="stmt"/>
        <line num="37" count="1" type="stmt"/>
        <line num="39" count="5" type="stmt"/>
        <line num="43" count="1" type="stmt"/>
      </file>
      <file name="AppRoleUpdateInput.ts" path="/Users/shaharblank/Documents/Sela-Work/amplication/amplication/packages/amplication-server/src/core/appRole/dto/AppRoleUpdateInput.ts">
        <metrics statements="8" coveredstatements="8" conditionals="0" coveredconditionals="0" methods="3" coveredmethods="3"/>
        <line num="1" count="1" type="stmt"/>
        <line num="7" count="1" type="stmt"/>
        <line num="8" count="5" type="stmt"/>
        <line num="12" count="1" type="stmt"/>
        <line num="14" count="5" type="stmt"/>
        <line num="18" count="1" type="stmt"/>
        <line num="20" count="5" type="stmt"/>
        <line num="24" count="1" type="stmt"/>
      </file>
      <file name="AppRoleWhereInput.ts" path="/Users/shaharblank/Documents/Sela-Work/amplication/amplication/packages/amplication-server/src/core/appRole/dto/AppRoleWhereInput.ts">
        <metrics statements="17" coveredstatements="17" conditionals="0" coveredconditionals="0" methods="7" coveredmethods="7"/>
        <line num="1" count="1" type="stmt"/>
        <line num="2" count="1" type="stmt"/>
        <line num="8" count="1" type="stmt"/>
        <line num="9" count="5" type="stmt"/>
        <line num="13" count="1" type="stmt"/>
        <line num="15" count="5" type="stmt"/>
        <line num="19" count="1" type="stmt"/>
        <line num="21" count="5" type="stmt"/>
        <line num="25" count="1" type="stmt"/>
        <line num="27" count="5" type="stmt"/>
        <line num="31" count="1" type="stmt"/>
        <line num="33" count="5" type="stmt"/>
        <line num="37" count="1" type="stmt"/>
        <line num="39" count="5" type="stmt"/>
        <line num="43" count="1" type="stmt"/>
        <line num="45" count="5" type="stmt"/>
        <line num="49" count="1" type="stmt"/>
      </file>
      <file name="CreateAppRoleArgs.ts" path="/Users/shaharblank/Documents/Sela-Work/amplication/amplication/packages/amplication-server/src/core/appRole/dto/CreateAppRoleArgs.ts">
        <metrics statements="5" coveredstatements="5" conditionals="0" coveredconditionals="0" methods="1" coveredmethods="1"/>
        <line num="1" count="1" type="stmt"/>
        <line num="2" count="1" type="stmt"/>
        <line num="5" count="1" type="stmt"/>
        <line num="6" count="5" type="stmt"/>
        <line num="7" count="1" type="stmt"/>
      </file>
      <file name="DeleteAppRoleArgs.ts" path="/Users/shaharblank/Documents/Sela-Work/amplication/amplication/packages/amplication-server/src/core/appRole/dto/DeleteAppRoleArgs.ts">
        <metrics statements="5" coveredstatements="5" conditionals="0" coveredconditionals="0" methods="1" coveredmethods="1"/>
        <line num="1" count="1" type="stmt"/>
        <line num="2" count="1" type="stmt"/>
        <line num="5" count="1" type="stmt"/>
        <line num="6" count="5" type="stmt"/>
        <line num="7" count="1" type="stmt"/>
      </file>
      <file name="FindManyAppRoleArgs.ts" path="/Users/shaharblank/Documents/Sela-Work/amplication/amplication/packages/amplication-server/src/core/appRole/dto/FindManyAppRoleArgs.ts">
        <metrics statements="12" coveredstatements="12" conditionals="0" coveredconditionals="0" methods="4" coveredmethods="4"/>
        <line num="1" count="1" type="stmt"/>
        <line num="2" count="1" type="stmt"/>
        <line num="3" count="1" type="stmt"/>
        <line num="6" count="1" type="stmt"/>
        <line num="7" count="5" type="stmt"/>
        <line num="8" count="1" type="stmt"/>
        <line num="10" count="5" type="stmt"/>
        <line num="11" count="1" type="stmt"/>
        <line num="13" count="5" type="stmt"/>
        <line num="14" count="1" type="stmt"/>
        <line num="16" count="5" type="stmt"/>
        <line num="17" count="1" type="stmt"/>
      </file>
      <file name="FindOneAppRoleArgs.ts" path="/Users/shaharblank/Documents/Sela-Work/amplication/amplication/packages/amplication-server/src/core/appRole/dto/FindOneAppRoleArgs.ts">
        <metrics statements="7" coveredstatements="7" conditionals="0" coveredconditionals="0" methods="2" coveredmethods="2"/>
        <line num="1" count="1" type="stmt"/>
        <line num="2" count="1" type="stmt"/>
        <line num="5" count="1" type="stmt"/>
        <line num="6" count="5" type="stmt"/>
        <line num="7" count="1" type="stmt"/>
        <line num="9" count="5" type="stmt"/>
        <line num="10" count="1" type="stmt"/>
      </file>
      <file name="UpdateOneAppRoleArgs.ts" path="/Users/shaharblank/Documents/Sela-Work/amplication/amplication/packages/amplication-server/src/core/appRole/dto/UpdateOneAppRoleArgs.ts">
        <metrics statements="8" coveredstatements="8" conditionals="0" coveredconditionals="0" methods="2" coveredmethods="2"/>
        <line num="1" count="1" type="stmt"/>
        <line num="2" count="1" type="stmt"/>
        <line num="3" count="1" type="stmt"/>
        <line num="6" count="1" type="stmt"/>
        <line num="7" count="5" type="stmt"/>
        <line num="8" count="1" type="stmt"/>
        <line num="10" count="5" type="stmt"/>
        <line num="11" count="1" type="stmt"/>
      </file>
      <file name="index.ts" path="/Users/shaharblank/Documents/Sela-Work/amplication/amplication/packages/amplication-server/src/core/appRole/dto/index.ts">
        <metrics statements="10" coveredstatements="10" conditionals="0" coveredconditionals="0" methods="10" coveredmethods="5"/>
        <line num="1" count="2" type="stmt"/>
        <line num="2" count="2" type="stmt"/>
        <line num="3" count="2" type="stmt"/>
        <line num="5" count="1" type="stmt"/>
        <line num="6" count="1" type="stmt"/>
        <line num="7" count="1" type="stmt"/>
        <line num="8" count="1" type="stmt"/>
        <line num="9" count="1" type="stmt"/>
        <line num="10" count="2" type="stmt"/>
        <line num="11" count="2" type="stmt"/>
      </file>
    </package>
    <package name="src.core.appSettings">
      <metrics statements="20" coveredstatements="17" conditionals="3" coveredconditionals="1" methods="4" coveredmethods="3"/>
      <file name="appSettings.service.ts" path="/Users/shaharblank/Documents/Sela-Work/amplication/amplication/packages/amplication-server/src/core/appSettings/appSettings.service.ts">
        <metrics statements="17" coveredstatements="14" conditionals="3" coveredconditionals="1" methods="4" coveredmethods="3"/>
        <line num="1" count="13" type="stmt"/>
        <line num="4" count="13" type="stmt"/>
        <line num="5" count="13" type="stmt"/>
        <line num="6" count="13" type="stmt"/>
        <line num="7" count="13" type="stmt"/>
        <line num="9" count="13" type="stmt"/>
        <line num="12" count="13" type="stmt"/>
        <line num="14" count="13" type="stmt"/>
        <line num="27" count="0" type="stmt"/>
        <line num="29" count="0" type="stmt"/>
        <line num="44" count="2" type="stmt"/>
        <line num="56" count="2" type="cond" truecount="0" falsecount="1"/>
        <line num="57" count="0" type="stmt"/>
        <line num="60" count="2" type="stmt"/>
        <line num="70" count="1" type="stmt"/>
        <line num="77" count="1" type="stmt"/>
        <line num="92" count="1" type="stmt"/>
      </file>
      <file name="constants.ts" path="/Users/shaharblank/Documents/Sela-Work/amplication/amplication/packages/amplication-server/src/core/appSettings/constants.ts">
        <metrics statements="3" coveredstatements="3" conditionals="0" coveredconditionals="0" methods="0" coveredmethods="0"/>
        <line num="2" count="13" type="stmt"/>
        <line num="3" count="13" type="stmt"/>
        <line num="24" count="13" type="stmt"/>
      </file>
    </package>
    <package name="src.core.appSettings.dto">
      <metrics statements="5" coveredstatements="5" conditionals="2" coveredconditionals="2" methods="1" coveredmethods="1"/>
      <file name="EnumAuthenticationProviderType.ts" path="/Users/shaharblank/Documents/Sela-Work/amplication/amplication/packages/amplication-server/src/core/appSettings/dto/EnumAuthenticationProviderType.ts">
        <metrics statements="5" coveredstatements="5" conditionals="2" coveredconditionals="2" methods="1" coveredmethods="1"/>
        <line num="1" count="13" type="stmt"/>
        <line num="3" count="13" type="cond" truecount="2" falsecount="0"/>
        <line num="4" count="13" type="stmt"/>
        <line num="5" count="13" type="stmt"/>
        <line num="8" count="13" type="stmt"/>
      </file>
    </package>
    <package name="src.core.auth">
      <metrics statements="185" coveredstatements="142" conditionals="17" coveredconditionals="8" methods="43" coveredmethods="31"/>
      <file name="auth.resolver.ts" path="/Users/shaharblank/Documents/Sela-Work/amplication/amplication/packages/amplication-server/src/core/auth/auth.resolver.ts">
        <metrics statements="47" coveredstatements="43" conditionals="1" coveredconditionals="1" methods="18" coveredmethods="15"/>
        <line num="1" count="1" type="stmt"/>
        <line num="2" count="1" type="stmt"/>
        <line num="3" count="1" type="stmt"/>
        <line num="4" count="1" type="stmt"/>
        <line num="13" count="1" type="stmt"/>
        <line num="14" count="1" type="stmt"/>
        <line num="15" count="1" type="stmt"/>
        <line num="16" count="1" type="stmt"/>
        <line num="17" count="1" type="stmt"/>
        <line num="18" count="1" type="stmt"/>
        <line num="19" count="1" type="stmt"/>
        <line num="20" count="2" type="stmt"/>
        <line num="22" count="1" type="stmt"/>
        <line num="23" count="6" type="stmt"/>
        <line num="25" count="12" type="stmt"/>
        <line num="27" count="1" type="stmt"/>
        <line num="28" count="1" type="stmt"/>
        <line num="31" count="12" type="stmt"/>
        <line num="32" count="1" type="stmt"/>
        <line num="33" count="1" type="stmt"/>
        <line num="34" count="1" type="stmt"/>
        <line num="35" count="1" type="stmt"/>
        <line num="36" count="1" type="stmt"/>
        <line num="39" count="12" type="stmt"/>
        <line num="40" count="1" type="stmt"/>
        <line num="41" count="1" type="stmt"/>
        <line num="42" count="1" type="stmt"/>
        <line num="43" count="1" type="stmt"/>
        <line num="46" count="12" type="stmt"/>
        <line num="48" count="1" type="stmt"/>
        <line num="52" count="0" type="stmt"/>
        <line num="57" count="0" type="stmt"/>
        <line num="60" count="12" type="stmt"/>
        <line num="62" count="1" type="stmt"/>
        <line num="63" count="0" type="stmt"/>
        <line num="66" count="12" type="stmt"/>
        <line num="68" count="1" type="stmt"/>
        <line num="72" count="1" type="stmt"/>
        <line num="79" count="12" type="stmt"/>
        <line num="82" count="1" type="stmt"/>
        <line num="86" count="0" type="stmt"/>
        <line num="89" count="12" type="stmt"/>
        <line num="91" count="1" type="stmt"/>
        <line num="95" count="2" type="cond" truecount="1" falsecount="0"/>
        <line num="96" count="1" type="stmt"/>
        <line num="98" count="1" type="stmt"/>
        <line num="102" count="1" type="stmt"/>
      </file>
      <file name="auth.service.ts" path="/Users/shaharblank/Documents/Sela-Work/amplication/amplication/packages/amplication-server/src/core/auth/auth.service.ts">
        <metrics statements="88" coveredstatements="50" conditionals="7" coveredconditionals="0" methods="18" coveredmethods="9"/>
        <line num="1" count="12" type="stmt"/>
        <line num="7" count="12" type="stmt"/>
        <line num="8" count="12" type="stmt"/>
        <line num="9" count="12" type="stmt"/>
        <line num="11" count="12" type="stmt"/>
        <line num="13" count="12" type="stmt"/>
        <line num="15" count="12" type="stmt"/>
        <line num="16" count="12" type="stmt"/>
        <line num="17" count="12" type="stmt"/>
        <line num="18" count="12" type="stmt"/>
        <line num="19" count="12" type="stmt"/>
        <line num="26" count="12" type="stmt"/>
        <line num="35" count="12" type="stmt"/>
        <line num="36" count="12" type="stmt"/>
        <line num="38" count="12" type="stmt"/>
        <line num="44" count="12" type="stmt"/>
        <line num="51" count="12" type="stmt"/>
        <line num="53" count="5" type="stmt"/>
        <line num="54" count="5" type="stmt"/>
        <line num="55" count="5" type="stmt"/>
        <line num="56" count="5" type="stmt"/>
        <line num="57" count="5" type="stmt"/>
        <line num="58" count="5" type="stmt"/>
        <line num="59" count="5" type="stmt"/>
        <line num="66" count="0" type="stmt"/>
        <line num="77" count="0" type="stmt"/>
        <line num="78" count="0" type="stmt"/>
        <line num="80" count="0" type="stmt"/>
        <line num="82" count="0" type="stmt"/>
        <line num="89" count="0" type="stmt"/>
        <line num="95" count="0" type="stmt"/>
        <line num="102" count="1" type="stmt"/>
        <line num="106" count="1" type="stmt"/>
        <line num="107" count="1" type="stmt"/>
        <line num="117" count="1" type="stmt"/>
        <line num="122" count="1" type="stmt"/>
        <line num="124" count="1" type="stmt"/>
        <line num="126" count="1" type="stmt"/>
        <line num="128" count="0" type="stmt"/>
        <line num="133" count="1" type="stmt"/>
        <line num="144" count="1" type="cond" truecount="0" falsecount="1"/>
        <line num="145" count="0" type="stmt"/>
        <line num="148" count="1" type="stmt"/>
        <line num="153" count="1" type="cond" truecount="0" falsecount="1"/>
        <line num="154" count="0" type="stmt"/>
        <line num="157" count="1" type="stmt"/>
        <line num="164" count="1" type="stmt"/>
        <line num="181" count="1" type="cond" truecount="0" falsecount="1"/>
        <line num="182" count="0" type="stmt"/>
        <line num="187" count="1" type="stmt"/>
        <line num="189" count="1" type="stmt"/>
        <line num="191" count="1" type="stmt"/>
        <line num="195" count="0" type="stmt"/>
        <line num="202" count="0" type="cond" truecount="0" falsecount="1"/>
        <line num="203" count="0" type="stmt"/>
        <line num="208" count="0" type="stmt"/>
        <line num="209" count="0" type="stmt"/>
        <line num="210" count="0" type="stmt"/>
        <line num="211" count="0" type="stmt"/>
        <line num="213" count="0" type="stmt"/>
        <line num="223" count="0" type="stmt"/>
        <line num="225" count="0" type="stmt"/>
        <line num="236" count="0" type="stmt"/>
        <line num="238" count="0" type="stmt"/>
        <line num="251" count="0" type="cond" truecount="0" falsecount="1"/>
        <line num="252" count="0" type="stmt"/>
        <line num="254" count="0" type="stmt"/>
        <line num="258" count="0" type="stmt"/>
        <line num="275" count="0" type="stmt"/>
        <line num="293" count="0" type="stmt"/>
        <line num="301" count="1" type="stmt"/>
        <line num="306" count="1" type="cond" truecount="0" falsecount="1"/>
        <line num="307" count="0" type="stmt"/>
        <line num="310" count="1" type="stmt"/>
        <line num="312" count="1" type="stmt"/>
        <line num="321" count="3" type="stmt"/>
        <line num="323" count="3" type="stmt"/>
        <line num="330" count="3" type="stmt"/>
        <line num="339" count="0" type="stmt"/>
        <line num="341" count="0" type="stmt"/>
        <line num="350" count="0" type="stmt"/>
        <line num="354" count="0" type="stmt"/>
        <line num="363" count="0" type="cond" truecount="0" falsecount="1"/>
        <line num="364" count="0" type="stmt"/>
        <line num="366" count="0" type="stmt"/>
        <line num="367" count="0" type="stmt"/>
        <line num="374" count="1" type="stmt"/>
        <line num="380" count="1" type="stmt"/>
      </file>
      <file name="github.strategy.ts" path="/Users/shaharblank/Documents/Sela-Work/amplication/amplication/packages/amplication-server/src/core/auth/github.strategy.ts">
        <metrics statements="15" coveredstatements="14" conditionals="6" coveredconditionals="4" methods="2" coveredmethods="2"/>
        <line num="1" count="1" type="stmt"/>
        <line num="2" count="1" type="stmt"/>
        <line num="3" count="1" type="stmt"/>
        <line num="4" count="1" type="stmt"/>
        <line num="5" count="1" type="stmt"/>
        <line num="8" count="1" type="stmt"/>
        <line num="10" count="3" type="cond" truecount="2" falsecount="2"/>
        <line num="13" count="3" type="stmt"/>
        <line num="21" count="3" type="stmt"/>
        <line num="22" count="3" type="stmt"/>
        <line num="28" count="3" type="cond" truecount="1" falsecount="0"/>
        <line num="29" count="1" type="stmt"/>
        <line num="31" count="2" type="cond" truecount="1" falsecount="0"/>
        <line num="32" count="2" type="stmt"/>
        <line num="34" count="0" type="stmt"/>
      </file>
      <file name="github.util.ts" path="/Users/shaharblank/Documents/Sela-Work/amplication/amplication/packages/amplication-server/src/core/auth/github.util.ts">
        <metrics statements="6" coveredstatements="6" conditionals="0" coveredconditionals="0" methods="1" coveredmethods="1"/>
        <line num="1" count="1" type="stmt"/>
        <line num="3" count="1" type="stmt"/>
        <line num="8" count="1" type="stmt"/>
        <line num="9" count="3" type="stmt"/>
        <line num="14" count="3" type="stmt"/>
        <line num="16" count="3" type="stmt"/>
      </file>
      <file name="githubStrategyConfig.service.ts" path="/Users/shaharblank/Documents/Sela-Work/amplication/amplication/packages/amplication-server/src/core/auth/githubStrategyConfig.service.ts">
        <metrics statements="29" coveredstatements="29" conditionals="3" coveredconditionals="3" methods="4" coveredmethods="4"/>
        <line num="1" count="1" type="stmt"/>
        <line num="2" count="1" type="stmt"/>
        <line num="4" count="1" type="stmt"/>
        <line num="6" count="1" type="stmt"/>
        <line num="7" count="1" type="stmt"/>
        <line num="8" count="1" type="stmt"/>
        <line num="9" count="1" type="stmt"/>
        <line num="10" count="1" type="stmt"/>
        <line num="11" count="1" type="stmt"/>
        <line num="14" count="1" type="stmt"/>
        <line num="16" count="4" type="stmt"/>
        <line num="17" count="4" type="stmt"/>
        <line num="20" count="4" type="stmt"/>
        <line num="21" count="4" type="cond" truecount="1" falsecount="0"/>
        <line num="22" count="1" type="stmt"/>
        <line num="24" count="3" type="stmt"/>
        <line num="25" count="2" type="stmt"/>
        <line num="26" count="2" type="stmt"/>
        <line num="27" count="2" type="stmt"/>
        <line num="35" count="3" type="stmt"/>
        <line num="36" count="3" type="cond" truecount="1" falsecount="0"/>
        <line num="37" count="1" type="stmt"/>
        <line num="39" count="2" type="stmt"/>
        <line num="40" count="2" type="cond" truecount="1" falsecount="0"/>
        <line num="41" count="1" type="stmt"/>
        <line num="43" count="1" type="stmt"/>
        <line num="46" count="1" type="stmt"/>
        <line num="47" count="1" type="stmt"/>
        <line num="48" count="1" type="stmt"/>
      </file>
    </package>
    <package name="src.core.auth.dto">
      <metrics statements="78" coveredstatements="78" conditionals="2" coveredconditionals="2" methods="25" coveredmethods="22"/>
      <file name="ApiToken.ts" path="/Users/shaharblank/Documents/Sela-Work/amplication/amplication/packages/amplication-server/src/core/auth/dto/ApiToken.ts">
        <metrics statements="18" coveredstatements="18" conditionals="0" coveredconditionals="0" methods="8" coveredmethods="8"/>
        <line num="1" count="12" type="stmt"/>
        <line num="6" count="12" type="stmt"/>
        <line num="7" count="38" type="stmt"/>
        <line num="10" count="12" type="stmt"/>
        <line num="12" count="38" type="stmt"/>
        <line num="15" count="12" type="stmt"/>
        <line num="17" count="38" type="stmt"/>
        <line num="20" count="12" type="stmt"/>
        <line num="22" count="38" type="stmt"/>
        <line num="25" count="12" type="stmt"/>
        <line num="27" count="38" type="stmt"/>
        <line num="30" count="12" type="stmt"/>
        <line num="32" count="38" type="stmt"/>
        <line num="35" count="12" type="stmt"/>
        <line num="37" count="38" type="stmt"/>
        <line num="40" count="12" type="stmt"/>
        <line num="42" count="38" type="stmt"/>
        <line num="45" count="12" type="stmt"/>
      </file>
      <file name="ApiTokenCreateInput.ts" path="/Users/shaharblank/Documents/Sela-Work/amplication/amplication/packages/amplication-server/src/core/auth/dto/ApiTokenCreateInput.ts">
        <metrics statements="4" coveredstatements="4" conditionals="0" coveredconditionals="0" methods="1" coveredmethods="1"/>
        <line num="1" count="12" type="stmt"/>
        <line num="7" count="12" type="stmt"/>
        <line num="8" count="6" type="stmt"/>
        <line num="11" count="12" type="stmt"/>
      </file>
      <file name="ChangePasswordArgs.ts" path="/Users/shaharblank/Documents/Sela-Work/amplication/amplication/packages/amplication-server/src/core/auth/dto/ChangePasswordArgs.ts">
        <metrics statements="5" coveredstatements="5" conditionals="0" coveredconditionals="0" methods="1" coveredmethods="1"/>
        <line num="1" count="12" type="stmt"/>
        <line num="2" count="12" type="stmt"/>
        <line num="5" count="12" type="stmt"/>
        <line num="6" count="6" type="stmt"/>
        <line num="7" count="12" type="stmt"/>
      </file>
      <file name="CreateApiTokenArgs.ts" path="/Users/shaharblank/Documents/Sela-Work/amplication/amplication/packages/amplication-server/src/core/auth/dto/CreateApiTokenArgs.ts">
        <metrics statements="5" coveredstatements="5" conditionals="0" coveredconditionals="0" methods="1" coveredmethods="1"/>
        <line num="1" count="12" type="stmt"/>
        <line num="2" count="12" type="stmt"/>
        <line num="5" count="12" type="stmt"/>
        <line num="6" count="6" type="stmt"/>
        <line num="7" count="12" type="stmt"/>
      </file>
      <file name="LoginArgs.ts" path="/Users/shaharblank/Documents/Sela-Work/amplication/amplication/packages/amplication-server/src/core/auth/dto/LoginArgs.ts">
        <metrics statements="5" coveredstatements="5" conditionals="0" coveredconditionals="0" methods="1" coveredmethods="1"/>
        <line num="1" count="12" type="stmt"/>
        <line num="2" count="12" type="stmt"/>
        <line num="5" count="12" type="stmt"/>
        <line num="6" count="6" type="stmt"/>
        <line num="7" count="12" type="stmt"/>
      </file>
      <file name="SetCurrentWorkspaceArgs.ts" path="/Users/shaharblank/Documents/Sela-Work/amplication/amplication/packages/amplication-server/src/core/auth/dto/SetCurrentWorkspaceArgs.ts">
        <metrics statements="5" coveredstatements="5" conditionals="0" coveredconditionals="0" methods="1" coveredmethods="1"/>
        <line num="1" count="12" type="stmt"/>
        <line num="2" count="12" type="stmt"/>
        <line num="5" count="12" type="stmt"/>
        <line num="6" count="6" type="stmt"/>
        <line num="7" count="12" type="stmt"/>
      </file>
      <file name="SignupArgs.ts" path="/Users/shaharblank/Documents/Sela-Work/amplication/amplication/packages/amplication-server/src/core/auth/dto/SignupArgs.ts">
        <metrics statements="5" coveredstatements="5" conditionals="0" coveredconditionals="0" methods="1" coveredmethods="1"/>
        <line num="1" count="12" type="stmt"/>
        <line num="2" count="12" type="stmt"/>
        <line num="5" count="12" type="stmt"/>
        <line num="6" count="6" type="stmt"/>
        <line num="7" count="12" type="stmt"/>
      </file>
      <file name="change-password.input.ts" path="/Users/shaharblank/Documents/Sela-Work/amplication/amplication/packages/amplication-server/src/core/auth/dto/change-password.input.ts">
        <metrics statements="5" coveredstatements="5" conditionals="0" coveredconditionals="0" methods="0" coveredmethods="0"/>
        <line num="1" count="12" type="stmt"/>
        <line num="2" count="12" type="stmt"/>
        <line num="5" count="12" type="stmt"/>
        <line num="9" count="12" type="stmt"/>
        <line num="14" count="12" type="stmt"/>
      </file>
      <file name="index.ts" path="/Users/shaharblank/Documents/Sela-Work/amplication/amplication/packages/amplication-server/src/core/auth/dto/index.ts">
        <metrics statements="10" coveredstatements="10" conditionals="0" coveredconditionals="0" methods="10" coveredmethods="7"/>
        <line num="1" count="12" type="stmt"/>
        <line num="2" count="13" type="stmt"/>
        <line num="3" count="12" type="stmt"/>
        <line num="4" count="13" type="stmt"/>
        <line num="5" count="18" type="stmt"/>
        <line num="6" count="12" type="stmt"/>
        <line num="7" count="13" type="stmt"/>
        <line num="8" count="13" type="stmt"/>
        <line num="9" count="13" type="stmt"/>
        <line num="10" count="48" type="stmt"/>
      </file>
      <file name="jwt.dto.ts" path="/Users/shaharblank/Documents/Sela-Work/amplication/amplication/packages/amplication-server/src/core/auth/dto/jwt.dto.ts">
        <metrics statements="3" coveredstatements="3" conditionals="2" coveredconditionals="2" methods="1" coveredmethods="1"/>
        <line num="1" count="12" type="cond" truecount="2" falsecount="0"/>
        <line num="2" count="12" type="stmt"/>
        <line num="3" count="12" type="stmt"/>
      </file>
      <file name="login.input.ts" path="/Users/shaharblank/Documents/Sela-Work/amplication/amplication/packages/amplication-server/src/core/auth/dto/login.input.ts">
        <metrics statements="5" coveredstatements="5" conditionals="0" coveredconditionals="0" methods="0" coveredmethods="0"/>
        <line num="1" count="12" type="stmt"/>
        <line num="2" count="12" type="stmt"/>
        <line num="5" count="12" type="stmt"/>
        <line num="8" count="12" type="stmt"/>
        <line num="13" count="12" type="stmt"/>
      </file>
      <file name="signup.input.ts" path="/Users/shaharblank/Documents/Sela-Work/amplication/amplication/packages/amplication-server/src/core/auth/dto/signup.input.ts">
[...]
        <line num="1" count="24" type="stmt"/>
        <line num="2" count="24" type="stmt"/>
        <line num="3" count="24" type="stmt"/>
        <line num="4" count="24" type="stmt"/>
        <line num="5" count="24" type="stmt"/>
        <line num="6" count="24" type="stmt"/>
        <line num="17" count="24" type="stmt"/>
        <line num="18" count="119" type="stmt"/>
        <line num="21" count="24" type="stmt"/>
        <line num="23" count="119" type="stmt"/>
        <line num="26" count="24" type="stmt"/>
        <line num="28" count="119" type="stmt"/>
        <line num="31" count="24" type="stmt"/>
        <line num="33" count="119" type="stmt"/>
        <line num="36" count="24" type="stmt"/>
        <line num="38" count="119" type="stmt"/>
        <line num="41" count="24" type="stmt"/>
        <line num="43" count="119" type="stmt"/>
        <line num="46" count="24" type="stmt"/>
        <line num="48" count="119" type="stmt"/>
        <line num="51" count="24" type="stmt"/>
      </file>
      <file name="EntityPermissionField.ts" path="/Users/shaharblank/Documents/Sela-Work/amplication/amplication/packages/amplication-server/src/models/EntityPermissionField.ts">
        <metrics statements="19" coveredstatements="19" conditionals="0" coveredconditionals="0" methods="7" coveredmethods="7"/>
        <line num="1" count="24" type="stmt"/>
        <line num="2" count="24" type="stmt"/>
        <line num="3" count="24" type="stmt"/>
        <line num="4" count="24" type="stmt"/>
        <line num="13" count="24" type="stmt"/>
        <line num="14" count="119" type="stmt"/>
        <line num="17" count="24" type="stmt"/>
        <line num="19" count="119" type="stmt"/>
        <line num="22" count="24" type="stmt"/>
        <line num="24" count="119" type="stmt"/>
        <line num="27" count="24" type="stmt"/>
        <line num="29" count="119" type="stmt"/>
        <line num="32" count="24" type="stmt"/>
        <line num="34" count="119" type="stmt"/>
        <line num="37" count="24" type="stmt"/>
        <line num="39" count="119" type="stmt"/>
        <line num="42" count="24" type="stmt"/>
        <line num="44" count="119" type="stmt"/>
        <line num="47" count="24" type="stmt"/>
      </file>
      <file name="EntityPermissionRole.ts" path="/Users/shaharblank/Documents/Sela-Work/amplication/amplication/packages/amplication-server/src/models/EntityPermissionRole.ts">
        <metrics statements="17" coveredstatements="17" conditionals="0" coveredconditionals="0" methods="6" coveredmethods="6"/>
        <line num="1" count="24" type="stmt"/>
        <line num="2" count="24" type="stmt"/>
        <line num="3" count="24" type="stmt"/>
        <line num="4" count="24" type="stmt"/>
        <line num="14" count="24" type="stmt"/>
        <line num="15" count="119" type="stmt"/>
        <line num="18" count="24" type="stmt"/>
        <line num="20" count="119" type="stmt"/>
        <line num="23" count="24" type="stmt"/>
        <line num="25" count="119" type="stmt"/>
        <line num="28" count="24" type="stmt"/>
        <line num="30" count="119" type="stmt"/>
        <line num="33" count="24" type="stmt"/>
        <line num="35" count="119" type="stmt"/>
        <line num="38" count="24" type="stmt"/>
        <line num="40" count="119" type="stmt"/>
        <line num="43" count="24" type="stmt"/>
      </file>
      <file name="EntityVersion.ts" path="/Users/shaharblank/Documents/Sela-Work/amplication/amplication/packages/amplication-server/src/models/EntityVersion.ts">
        <metrics statements="32" coveredstatements="32" conditionals="0" coveredconditionals="0" methods="13" coveredmethods="13"/>
        <line num="1" count="24" type="stmt"/>
        <line num="2" count="24" type="stmt"/>
        <line num="3" count="24" type="stmt"/>
        <line num="4" count="24" type="stmt"/>
        <line num="5" count="24" type="stmt"/>
        <line num="11" count="24" type="stmt"/>
        <line num="12" count="119" type="stmt"/>
        <line num="16" count="24" type="stmt"/>
        <line num="18" count="119" type="stmt"/>
        <line num="22" count="24" type="stmt"/>
        <line num="24" count="119" type="stmt"/>
        <line num="28" count="24" type="stmt"/>
        <line num="30" count="119" type="stmt"/>
        <line num="34" count="24" type="stmt"/>
        <line num="36" count="119" type="stmt"/>
        <line num="40" count="24" type="stmt"/>
        <line num="42" count="119" type="stmt"/>
        <line num="46" count="24" type="stmt"/>
        <line num="48" count="119" type="stmt"/>
        <line num="52" count="24" type="stmt"/>
        <line num="54" count="119" type="stmt"/>
        <line num="58" count="24" type="stmt"/>
        <line num="60" count="119" type="stmt"/>
        <line num="64" count="24" type="stmt"/>
        <line num="66" count="119" type="stmt"/>
        <line num="70" count="24" type="stmt"/>
        <line num="74" count="119" type="stmt"/>
        <line num="78" count="24" type="stmt"/>
        <line num="80" count="119" type="stmt"/>
        <line num="84" count="24" type="stmt"/>
        <line num="86" count="119" type="stmt"/>
        <line num="90" count="24" type="stmt"/>
      </file>
      <file name="GitOrganization.ts" path="/Users/shaharblank/Documents/Sela-Work/amplication/amplication/packages/amplication-server/src/models/GitOrganization.ts">
        <metrics statements="18" coveredstatements="18" conditionals="0" coveredconditionals="0" methods="7" coveredmethods="7"/>
        <line num="1" count="24" type="stmt"/>
        <line num="2" count="24" type="stmt"/>
        <line num="3" count="24" type="stmt"/>
        <line num="9" count="24" type="stmt"/>
        <line num="10" count="119" type="stmt"/>
        <line num="11" count="24" type="stmt"/>
        <line num="13" count="119" type="stmt"/>
        <line num="14" count="24" type="stmt"/>
        <line num="16" count="119" type="stmt"/>
        <line num="17" count="24" type="stmt"/>
        <line num="19" count="119" type="stmt"/>
        <line num="20" count="24" type="stmt"/>
        <line num="22" count="119" type="stmt"/>
        <line num="23" count="24" type="stmt"/>
        <line num="25" count="119" type="stmt"/>
        <line num="26" count="24" type="stmt"/>
        <line num="28" count="119" type="stmt"/>
        <line num="29" count="24" type="stmt"/>
      </file>
      <file name="GitRepository.ts" path="/Users/shaharblank/Documents/Sela-Work/amplication/amplication/packages/amplication-server/src/models/GitRepository.ts">
        <metrics statements="15" coveredstatements="15" conditionals="0" coveredconditionals="0" methods="6" coveredmethods="6"/>
        <line num="1" count="24" type="stmt"/>
        <line num="2" count="24" type="stmt"/>
        <line num="7" count="24" type="stmt"/>
        <line num="8" count="119" type="stmt"/>
        <line num="9" count="24" type="stmt"/>
        <line num="11" count="119" type="stmt"/>
        <line num="12" count="24" type="stmt"/>
        <line num="14" count="119" type="stmt"/>
        <line num="15" count="24" type="stmt"/>
        <line num="17" count="119" type="stmt"/>
        <line num="18" count="24" type="stmt"/>
        <line num="20" count="119" type="stmt"/>
        <line num="21" count="24" type="stmt"/>
        <line num="23" count="119" type="stmt"/>
        <line num="24" count="24" type="stmt"/>
      </file>
      <file name="IBlock.ts" path="/Users/shaharblank/Documents/Sela-Work/amplication/amplication/packages/amplication-server/src/models/IBlock.ts">
        <metrics statements="29" coveredstatements="29" conditionals="0" coveredconditionals="0" methods="12" coveredmethods="12"/>
        <line num="1" count="24" type="stmt"/>
        <line num="2" count="24" type="stmt"/>
        <line num="3" count="24" type="stmt"/>
        <line num="4" count="24" type="stmt"/>
        <line num="7" count="24" type="stmt"/>
        <line num="8" count="62" type="stmt"/>
        <line num="12" count="24" type="stmt"/>
        <line num="14" count="62" type="stmt"/>
        <line num="18" count="24" type="stmt"/>
        <line num="22" count="62" type="stmt"/>
        <line num="26" count="24" type="stmt"/>
        <line num="28" count="62" type="stmt"/>
        <line num="32" count="24" type="stmt"/>
        <line num="34" count="62" type="stmt"/>
        <line num="38" count="24" type="stmt"/>
        <line num="40" count="62" type="stmt"/>
        <line num="44" count="24" type="stmt"/>
        <line num="46" count="62" type="stmt"/>
        <line num="50" count="24" type="stmt"/>
        <line num="52" count="62" type="stmt"/>
        <line num="56" count="24" type="stmt"/>
        <line num="58" count="62" type="stmt"/>
        <line num="62" count="24" type="stmt"/>
        <line num="64" count="62" type="stmt"/>
        <line num="68" count="24" type="stmt"/>
        <line num="70" count="62" type="stmt"/>
        <line num="74" count="24" type="stmt"/>
        <line num="76" count="62" type="stmt"/>
        <line num="80" count="24" type="stmt"/>
      </file>
      <file name="PropertySelector.ts" path="/Users/shaharblank/Documents/Sela-Work/amplication/amplication/packages/amplication-server/src/models/PropertySelector.ts">
        <metrics statements="6" coveredstatements="6" conditionals="0" coveredconditionals="0" methods="2" coveredmethods="2"/>
        <line num="1" count="24" type="stmt"/>
        <line num="11" count="24" type="stmt"/>
        <line num="12" count="62" type="stmt"/>
        <line num="16" count="24" type="stmt"/>
        <line num="18" count="62" type="stmt"/>
        <line num="22" count="24" type="stmt"/>
      </file>
      <file name="User.ts" path="/Users/shaharblank/Documents/Sela-Work/amplication/amplication/packages/amplication-server/src/models/User.ts">
        <metrics statements="19" coveredstatements="19" conditionals="0" coveredconditionals="0" methods="7" coveredmethods="7"/>
        <line num="1" count="24" type="stmt"/>
        <line num="2" count="24" type="stmt"/>
        <line num="3" count="24" type="stmt"/>
        <line num="4" count="24" type="stmt"/>
        <line num="10" count="24" type="stmt"/>
        <line num="11" count="119" type="stmt"/>
        <line num="15" count="24" type="stmt"/>
        <line num="17" count="119" type="stmt"/>
        <line num="21" count="24" type="stmt"/>
        <line num="23" count="119" type="stmt"/>
        <line num="27" count="24" type="stmt"/>
        <line num="29" count="119" type="stmt"/>
        <line num="33" count="24" type="stmt"/>
        <line num="35" count="119" type="stmt"/>
        <line num="39" count="24" type="stmt"/>
        <line num="41" count="119" type="stmt"/>
        <line num="45" count="24" type="stmt"/>
        <line num="47" count="119" type="stmt"/>
        <line num="50" count="24" type="stmt"/>
      </file>
      <file name="UserRole.ts" path="/Users/shaharblank/Documents/Sela-Work/amplication/amplication/packages/amplication-server/src/models/UserRole.ts">
        <metrics statements="11" coveredstatements="11" conditionals="0" coveredconditionals="0" methods="4" coveredmethods="4"/>
        <line num="1" count="24" type="stmt"/>
        <line num="3" count="24" type="stmt"/>
        <line num="9" count="24" type="stmt"/>
        <line num="10" count="119" type="stmt"/>
        <line num="14" count="24" type="stmt"/>
        <line num="16" count="119" type="stmt"/>
        <line num="20" count="24" type="stmt"/>
        <line num="22" count="119" type="stmt"/>
        <line num="26" count="24" type="stmt"/>
        <line num="30" count="119" type="stmt"/>
        <line num="34" count="24" type="stmt"/>
      </file>
      <file name="Workspace.ts" path="/Users/shaharblank/Documents/Sela-Work/amplication/amplication/packages/amplication-server/src/models/Workspace.ts">
        <metrics statements="19" coveredstatements="19" conditionals="0" coveredconditionals="0" methods="7" coveredmethods="7"/>
        <line num="1" count="24" type="stmt"/>
        <line num="2" count="24" type="stmt"/>
        <line num="3" count="24" type="stmt"/>
        <line num="4" count="24" type="stmt"/>
        <line num="10" count="24" type="stmt"/>
        <line num="11" count="119" type="stmt"/>
        <line num="15" count="24" type="stmt"/>
        <line num="17" count="119" type="stmt"/>
        <line num="21" count="24" type="stmt"/>
        <line num="23" count="119" type="stmt"/>
        <line num="27" count="24" type="stmt"/>
        <line num="29" count="119" type="stmt"/>
        <line num="33" count="24" type="stmt"/>
        <line num="35" count="119" type="stmt"/>
        <line num="36" count="24" type="stmt"/>
        <line num="38" count="119" type="stmt"/>
        <line num="39" count="24" type="stmt"/>
        <line num="41" count="119" type="stmt"/>
        <line num="42" count="24" type="stmt"/>
      </file>
      <file name="auth.ts" path="/Users/shaharblank/Documents/Sela-Work/amplication/amplication/packages/amplication-server/src/models/auth.ts">
        <metrics statements="3" coveredstatements="3" conditionals="0" coveredconditionals="0" methods="0" coveredmethods="0"/>
        <line num="1" count="24" type="stmt"/>
        <line num="4" count="24" type="stmt"/>
        <line num="6" count="24" type="stmt"/>
      </file>
      <file name="index.ts" path="/Users/shaharblank/Documents/Sela-Work/amplication/amplication/packages/amplication-server/src/models/index.ts">
        <metrics statements="19" coveredstatements="19" conditionals="0" coveredconditionals="0" methods="19" coveredmethods="14"/>
        <line num="1" count="46" type="stmt"/>
        <line num="2" count="398" type="stmt"/>
        <line num="3" count="254" type="stmt"/>
        <line num="4" count="98" type="stmt"/>
        <line num="5" count="116" type="stmt"/>
        <line num="6" count="24" type="stmt"/>
        <line num="7" count="162" type="stmt"/>
        <line num="8" count="112" type="stmt"/>
        <line num="9" count="477" type="stmt"/>
        <line num="10" count="208" type="stmt"/>
        <line num="11" count="76" type="stmt"/>
        <line num="12" count="24" type="stmt"/>
        <line num="13" count="62" type="stmt"/>
        <line num="14" count="83" type="stmt"/>
        <line num="15" count="110" type="stmt"/>
        <line num="16" count="24" type="stmt"/>
        <line num="17" count="26" type="stmt"/>
        <line num="18" count="24" type="stmt"/>
        <line num="19" count="24" type="stmt"/>
      </file>
    </package>
    <package name="src.services">
      <metrics statements="34" coveredstatements="33" conditionals="7" coveredconditionals="7" methods="6" coveredmethods="6"/>
      <file name="diff.module.ts" path="/Users/shaharblank/Documents/Sela-Work/amplication/amplication/packages/amplication-server/src/services/diff.module.ts">
        <metrics statements="3" coveredstatements="3" conditionals="0" coveredconditionals="0" methods="0" coveredmethods="0"/>
        <line num="1" count="2" type="stmt"/>
        <line num="2" count="2" type="stmt"/>
        <line num="8" count="2" type="stmt"/>
      </file>
      <file name="diff.service.ts" path="/Users/shaharblank/Documents/Sela-Work/amplication/amplication/packages/amplication-server/src/services/diff.service.ts">
        <metrics statements="5" coveredstatements="5" conditionals="4" coveredconditionals="4" methods="3" coveredmethods="3"/>
        <line num="1" count="22" type="stmt"/>
        <line num="4" count="22" type="stmt"/>
        <line num="17" count="6" type="stmt"/>
        <line num="34" count="6" type="stmt"/>
        <line num="35" count="12" type="cond" truecount="3" falsecount="0"/>
      </file>
      <file name="googleSecretsManager.service.ts" path="/Users/shaharblank/Documents/Sela-Work/amplication/amplication/packages/amplication-server/src/services/googleSecretsManager.service.ts">
        <metrics statements="3" coveredstatements="3" conditionals="0" coveredconditionals="0" methods="0" coveredmethods="0"/>
        <line num="1" count="1" type="stmt"/>
        <line num="2" count="1" type="stmt"/>
        <line num="5" count="1" type="stmt"/>
      </file>
      <file name="jsonSchemaValidation.module.ts" path="/Users/shaharblank/Documents/Sela-Work/amplication/amplication/packages/amplication-server/src/services/jsonSchemaValidation.module.ts">
        <metrics statements="3" coveredstatements="3" conditionals="0" coveredconditionals="0" methods="0" coveredmethods="0"/>
        <line num="1" count="1" type="stmt"/>
        <line num="2" count="1" type="stmt"/>
        <line num="8" count="1" type="stmt"/>
      </file>
      <file name="jsonSchemaValidation.service.ts" path="/Users/shaharblank/Documents/Sela-Work/amplication/amplication/packages/amplication-server/src/services/jsonSchemaValidation.service.ts">
        <metrics statements="10" coveredstatements="9" conditionals="1" coveredconditionals="1" methods="1" coveredmethods="1"/>
        <line num="1" count="17" type="stmt"/>
        <line num="2" count="17" type="stmt"/>
        <line num="4" count="17" type="stmt"/>
        <line num="11" count="5" type="stmt"/>
        <line num="12" count="5" type="stmt"/>
        <line num="14" count="5" type="stmt"/>
        <line num="16" count="5" type="cond" truecount="1" falsecount="0"/>
        <line num="17" count="1" type="stmt"/>
        <line num="19" count="4" type="stmt"/>
        <line num="21" count="0" type="stmt"/>
      </file>
      <file name="winstonConfig.service.ts" path="/Users/shaharblank/Documents/Sela-Work/amplication/amplication/packages/amplication-server/src/services/winstonConfig.service.ts">
        <metrics statements="10" coveredstatements="10" conditionals="2" coveredconditionals="2" methods="2" coveredmethods="2"/>
        <line num="1" count="1" type="stmt"/>
        <line num="2" count="1" type="stmt"/>
        <line num="3" count="1" type="stmt"/>
        <line num="8" count="1" type="stmt"/>
        <line num="10" count="1" type="stmt"/>
        <line num="16" count="1" type="stmt"/>
        <line num="17" count="2" type="stmt"/>
        <line num="18" count="2" type="stmt"/>
        <line num="24" count="2" type="stmt"/>
        <line num="31" count="2" type="stmt"/>
      </file>
    </package>
    <package name="src.util">
      <metrics statements="4" coveredstatements="4" conditionals="0" coveredconditionals="0" methods="2" coveredmethods="2"/>
      <file name="softDelete.ts" path="/Users/shaharblank/Documents/Sela-Work/amplication/amplication/packages/amplication-server/src/util/softDelete.ts">
        <metrics statements="4" coveredstatements="4" conditionals="0" coveredconditionals="0" methods="2" coveredmethods="2"/>
        <line num="1" count="21" type="stmt"/>
        <line num="5" count="8" type="stmt"/>
        <line num="8" count="21" type="stmt"/>
        <line num="12" count="3" type="stmt"/>
      </file>
    </package>
    <package name="test">
      <metrics statements="7" coveredstatements="7" conditionals="0" coveredconditionals="0" methods="2" coveredmethods="2"/>
      <file name="gql-auth-mock.ts" path="/Users/shaharblank/Documents/Sela-Work/amplication/amplication/packages/amplication-server/test/gql-auth-mock.ts">
        <metrics statements="7" coveredstatements="7" conditionals="0" coveredconditionals="0" methods="2" coveredmethods="2"/>
        <line num="2" count="5" type="stmt"/>
        <line num="3" count="5" type="stmt"/>
        <line num="16" count="6" type="stmt"/>
        <line num="19" count="44" type="stmt"/>
        <line num="20" count="44" type="stmt"/>
        <line num="22" count="44" type="stmt"/>
        <line num="23" count="44" type="stmt"/>
      </file>
    </package>
  </project>
</coverage>
